<?xml version="1.0" encoding="UTF-8"?>
<!-- Generated by org.testng.reporters.JUnitReportReporter -->
<testsuite hostname="MRIDULA-KEG9N97" failures="0" tests="1" name="shoppingCart.TC_DWS_003_Test" time="9.903" errors="0" timestamp="2024-05-20T08:09:12 IST" skipped="0">
  <testcase classname="shoppingCart.TC_DWS_003_Test" name="addProduct" time="9.903"/>
  <system-out/>
</testsuite> <!-- shoppingCart.TC_DWS_003_Test -->
