<?xml version="1.0" encoding="UTF-8"?>
<!-- Generated by org.testng.reporters.JUnitReportReporter -->
<testsuite hostname="MRIDULA-KEG9N97" failures="0" tests="1" name="books.ClickOnBooksTest" time="5.590" errors="0" timestamp="2024-05-27T19:12:00 IST" skipped="0">
  <testcase classname="books.ClickOnBooksTest" name="clickOnBooks" time="5.590"/>
  <system-out/>
</testsuite> <!-- books.ClickOnBooksTest -->
