<?xml version="1.0" encoding="UTF-8"?>
<!-- Generated by org.testng.reporters.JUnitReportReporter -->
<testsuite hostname="MRIDULA-KEG9N97" failures="0" tests="1" name="electronics.ClickOnElectronicsTest" time="4.858" errors="0" timestamp="2024-05-27T19:12:00 IST" skipped="0">
  <testcase classname="electronics.ClickOnElectronicsTest" name="clickOnElectronics" time="4.858"/>
  <system-out/>
</testsuite> <!-- electronics.ClickOnElectronicsTest -->
