<?xml version="1.0" encoding="UTF-8"?>
<!-- Generated by org.testng.reporters.JUnitReportReporter -->
<testsuite hostname="MRIDULA-KEG9N97" failures="0" tests="1" name="computers.ClickOnComputersTest" time="4.383" errors="0" timestamp="2024-05-19T19:59:18 IST" skipped="0">
  <testcase classname="computers.ClickOnComputersTest" name="clickOnComputers" time="4.383"/>
  <system-out/>
</testsuite> <!-- computers.ClickOnComputersTest -->
