<?xml version="1.0" encoding="UTF-8"?>
<!-- Generated by org.testng.reporters.JUnitReportReporter -->
<testsuite hostname="MRIDULA-KEG9N97" failures="0" tests="1" name="shoppingCart.TC_DWS_004_Test" time="5.060" errors="0" timestamp="2024-05-27T19:12:00 IST" skipped="0">
  <testcase classname="shoppingCart.TC_DWS_004_Test" name="removeProduct" time="5.060"/>
  <system-out/>
</testsuite> <!-- shoppingCart.TC_DWS_004_Test -->
