<?xml version="1.0" encoding="UTF-8"?>
<!-- Generated by org.testng.reporters.JUnitReportReporter -->
<testsuite hostname="MRIDULA-KEG9N97" failures="0" tests="1" name="shoppingCart.TC_DWS_003_Test" time="8.476" errors="0" timestamp="2024-05-22T10:03:49 IST" skipped="0">
  <testcase classname="shoppingCart.TC_DWS_003_Test" name="addProduct" time="8.476"/>
  <system-out/>
</testsuite> <!-- shoppingCart.TC_DWS_003_Test -->
