<?xml version="1.0" encoding="UTF-8"?>
<!-- Generated by org.testng.reporters.JUnitReportReporter -->
<testsuite hostname="MRIDULA-KEG9N97" failures="0" tests="1" name="login.LoginTest" time="1.822" errors="0" timestamp="2024-05-20T23:32:04 IST" skipped="0">
  <testcase classname="login.LoginTest" name="login" time="1.822"/>
  <system-out>
    <![CDATA[HP displayed...Login successful...]]>
  </system-out>
</testsuite> <!-- login.LoginTest -->
