<?xml version="1.0" encoding="UTF-8"?>
<!-- Generated by org.testng.reporters.JUnitReportReporter -->
<testsuite hostname="MRIDULA-KEG9N97" failures="0" tests="1" name="electronics.ClickOnElectronicsTest" time="3.974" errors="0" timestamp="2024-05-22T10:03:49 IST" skipped="0">
  <testcase classname="electronics.ClickOnElectronicsTest" name="clickOnElectronics" time="3.974"/>
  <system-out/>
</testsuite> <!-- electronics.ClickOnElectronicsTest -->
