<?xml version="1.0" encoding="UTF-8"?>
<!-- Generated by org.testng.reporters.JUnitReportReporter -->
<testsuite hostname="MRIDULA-KEG9N97" failures="0" tests="2" name="login.LoginTest" time="9.528" errors="0" timestamp="2024-05-17T21:29:57 IST" skipped="0">
  <testcase classname="login.LoginTest" name="launch" time="7.199"/>
  <system-out/>
  <testcase classname="login.LoginTest" name="demo" time="2.329"/>
  <system-out/>
</testsuite> <!-- login.LoginTest -->
