<?xml version="1.0" encoding="UTF-8"?>
<!-- Generated by org.testng.reporters.JUnitReportReporter -->
<testsuite hostname="MRIDULA-KEG9N97" failures="0" tests="1" name="electronics.ClickOnElectronicsTest" time="4.016" errors="0" timestamp="2024-05-20T08:01:35 IST" skipped="0">
  <testcase classname="electronics.ClickOnElectronicsTest" name="clickOnBooks" time="4.016"/>
  <system-out/>
</testsuite> <!-- electronics.ClickOnElectronicsTest -->
