<?xml version="1.0" encoding="UTF-8"?>
<!-- Generated by org.testng.reporters.JUnitReportReporter -->
<testsuite hostname="MRIDULA-KEG9N97" failures="0" tests="1" name="electronics.ClickOnElectronicsTest" time="5.220" errors="0" timestamp="2024-05-19T19:58:55 IST" skipped="0">
  <testcase classname="electronics.ClickOnElectronicsTest" name="clickOnBooks" time="5.220"/>
  <system-out/>
</testsuite> <!-- electronics.ClickOnElectronicsTest -->
