<?xml version="1.0" encoding="UTF-8"?>
<!-- Generated by org.testng.reporters.JUnitReportReporter -->
<testsuite hostname="MRIDULA-KEG9N97" failures="0" tests="1" name="books.ClickOnBooks" time="5.317" errors="0" timestamp="2024-05-19T19:20:17 IST" skipped="0">
  <testcase classname="books.ClickOnBooks" name="clickOnBooks" time="5.317"/>
  <system-out/>
</testsuite> <!-- books.ClickOnBooks -->
