<?xml version="1.0" encoding="UTF-8"?>
<!-- Generated by org.testng.reporters.JUnitReportReporter -->
<testsuite hostname="MRIDULA-KEG9N97" failures="0" tests="1" name="register.RegisterTest" time="1.976" errors="0" timestamp="2024-05-20T23:16:45 IST" skipped="0">
  <testcase classname="register.RegisterTest" name="register" time="1.976"/>
  <system-out/>
</testsuite> <!-- register.RegisterTest -->
